<?xml version="1.0" encoding="UTF-8"?>
<robot generator="Robot 2.8.7 (Jython 2.5.3 on java1.8.0_31)" generated="20150512 00:09:16.033">
<suite source="D:\darius\BitBucketRepo\InsertNameHereProject\src\test\robotframework\acceptance\Test3.TXT" name="Test3" id="s1">
<test name="Hello World" id="s1-t1">
<kw type="setup" name="BuiltIn.Log">
<doc>Logs the given message with the given level.</doc>
<arguments>
<arg>HelloSetup</arg>
</arguments>
<msg level="INFO" timestamp="20150512 00:09:16.314">HelloSetup</msg>
<status endtime="20150512 00:09:16.314" starttime="20150512 00:09:16.314" status="PASS"></status>
</kw>
<kw type="kw" name="BuiltIn.Log">
<doc>Logs the given message with the given level.</doc>
<arguments>
<arg>Hello, World!</arg>
</arguments>
<msg level="INFO" timestamp="20150512 00:09:16.314">Hello, World!</msg>
<status endtime="20150512 00:09:16.314" starttime="20150512 00:09:16.314" status="PASS"></status>
</kw>
<kw type="teardown" name="BuiltIn.Log">
<doc>Logs the given message with the given level.</doc>
<arguments>
<arg>CloseingTeardown</arg>
</arguments>
<msg level="INFO" timestamp="20150512 00:09:16.314">CloseingTeardown</msg>
<status endtime="20150512 00:09:16.314" starttime="20150512 00:09:16.314" status="PASS"></status>
</kw>
<doc></doc>
<tags>
<tag>Login</tag>
</tags>
<status critical="yes" endtime="20150512 00:09:16.314" starttime="20150512 00:09:16.299" status="PASS"></status>
</test>
<test name="Scenario: As an editor I can add new translation" id="s1-t2">
<kw type="setup" name="BuiltIn.Log">
<doc>Logs the given message with the given level.</doc>
<arguments>
<arg>HelloSetup</arg>
</arguments>
<msg level="INFO" timestamp="20150512 00:09:16.330">HelloSetup</msg>
<status endtime="20150512 00:09:16.330" starttime="20150512 00:09:16.330" status="PASS"></status>
</kw>
<kw type="kw" name="BuiltIn.Given Log">
<doc>Logs the given message with the given level.</doc>
<arguments>
<arg>@{msg}</arg>
</arguments>
<msg level="INFO" timestamp="20150512 00:09:16.330">Hello, World!</msg>
<status endtime="20150512 00:09:16.330" starttime="20150512 00:09:16.330" status="PASS"></status>
</kw>
<kw type="kw" name="When Continue On Failure">
<doc></doc>
<arguments>
</arguments>
<msg level="FAIL" timestamp="20150512 00:09:16.346">No keyword with name 'When Continue On Failure' found.</msg>
<status endtime="20150512 00:09:16.346" starttime="20150512 00:09:16.346" status="FAIL"></status>
</kw>
<kw type="teardown" name="BuiltIn.Log">
<doc>Logs the given message with the given level.</doc>
<arguments>
<arg>CloseingTeardown</arg>
</arguments>
<msg level="INFO" timestamp="20150512 00:09:16.346">CloseingTeardown</msg>
<status endtime="20150512 00:09:16.346" starttime="20150512 00:09:16.346" status="PASS"></status>
</kw>
<doc></doc>
<tags>
</tags>
<status critical="yes" endtime="20150512 00:09:16.346" starttime="20150512 00:09:16.314" status="FAIL">No keyword with name 'When Continue On Failure' found.</status>
</test>
<test name="Continue" id="s1-t3">
<kw type="setup" name="BuiltIn.Log">
<doc>Logs the given message with the given level.</doc>
<arguments>
<arg>HelloSetup</arg>
</arguments>
<msg level="INFO" timestamp="20150512 00:09:16.361">HelloSetup</msg>
<status endtime="20150512 00:09:16.361" starttime="20150512 00:09:16.361" status="PASS"></status>
</kw>
<kw type="kw" name="Continue On Failure">
<doc></doc>
<arguments>
</arguments>
<msg level="FAIL" timestamp="20150512 00:09:16.377">No keyword with name 'Continue On Failure' found.</msg>
<status endtime="20150512 00:09:16.393" starttime="20150512 00:09:16.377" status="FAIL"></status>
</kw>
<kw type="teardown" name="BuiltIn.Log">
<doc>Logs the given message with the given level.</doc>
<arguments>
<arg>CloseingTeardown</arg>
</arguments>
<msg level="INFO" timestamp="20150512 00:09:16.393">CloseingTeardown</msg>
<status endtime="20150512 00:09:16.393" starttime="20150512 00:09:16.393" status="PASS"></status>
</kw>
<doc></doc>
<tags>
</tags>
<status critical="yes" endtime="20150512 00:09:16.393" starttime="20150512 00:09:16.361" status="FAIL">No keyword with name 'Continue On Failure' found.</status>
</test>
<test name="Stop" id="s1-t4">
<kw type="setup" name="BuiltIn.Log">
<doc>Logs the given message with the given level.</doc>
<arguments>
<arg>HelloSetup</arg>
</arguments>
<msg level="INFO" timestamp="20150512 00:09:16.408">HelloSetup</msg>
<status endtime="20150512 00:09:16.408" starttime="20150512 00:09:16.408" status="PASS"></status>
</kw>
<kw type="kw" name="stopOnFailure">
<doc></doc>
<arguments>
</arguments>
<msg level="FAIL" timestamp="20150512 00:09:16.408">No keyword with name 'stopOnFailure' found.</msg>
<status endtime="20150512 00:09:16.408" starttime="20150512 00:09:16.408" status="FAIL"></status>
</kw>
<kw type="teardown" name="BuiltIn.Log">
<doc>Logs the given message with the given level.</doc>
<arguments>
<arg>CloseingTeardown</arg>
</arguments>
<msg level="INFO" timestamp="20150512 00:09:16.408">CloseingTeardown</msg>
<status endtime="20150512 00:09:16.408" starttime="20150512 00:09:16.408" status="PASS"></status>
</kw>
<doc></doc>
<tags>
</tags>
<status critical="yes" endtime="20150512 00:09:16.408" starttime="20150512 00:09:16.393" status="FAIL">No keyword with name 'stopOnFailure' found.</status>
</test>
<doc></doc>
<metadata>
</metadata>
<status endtime="20150512 00:09:16.424" starttime="20150512 00:09:16.033" status="FAIL"></status>
</suite>
<statistics>
<total>
<stat pass="1" fail="3">Critical Tests</stat>
<stat pass="1" fail="3">All Tests</stat>
</total>
<tag>
<stat pass="1" fail="0" doc="" links="" combined="" info="">Login</stat>
</tag>
<suite>
<stat pass="1" fail="3" name="Test3" id="s1">Test3</stat>
</suite>
</statistics>
<errors>
<msg level="ERROR" timestamp="20150512 00:09:16.267">Error in file 'D:\darius\BitBucketRepo\InsertNameHereProject\src\test\robotframework\acceptance\Test3.TXT': Initializing test library 'com.insertNameHere.keyWords.CustomKey' with no arguments failed: NoClassDefFoundError: org/apache/log4j/xml/DOMConfigurator
java.lang.NoClassDefFoundError: 
	at com.insertNameHere.utils.ApplicationLogger.&lt;init&gt;(ApplicationLogger.java:11)
	at com.insertNameHere.keyWords.CustomKey.&lt;init&gt;(CustomKey.java:21)
	at robot.model.visitor$py.visit_suite$2(/Users/jmalinen/Documents/workspace/robotframework/build/Lib/robot/model/visitor.py:22)
	at robot.model.visitor$py.call_function(/Users/jmalinen/Documents/workspace/robotframework/build/Lib/robot/model/visitor.py)
	at robot.model.testsuite$py.visit$19(/Users/jmalinen/Documents/workspace/robotframework/build/Lib/robot/model/testsuite.py:152)
	at robot.model.testsuite$py.call_function(/Users/jmalinen/Documents/workspace/robotframework/build/Lib/robot/model/testsuite.py)
	at robot.run$py.main$3(/Users/jmalinen/Documents/workspace/robotframework/build/Lib/robot/run.py:414)
	at robot.run$py.call_function(/Users/jmalinen/Documents/workspace/robotframework/build/Lib/robot/run.py)
	at robot.utils.application$py._execute$11(/Users/jmalinen/Documents/workspace/robotframework/build/Lib/robot/utils/application.py:98)
	at robot.utils.application$py.call_function(/Users/jmalinen/Documents/workspace/robotframework/build/Lib/robot/utils/application.py)
	at robot.utils.application$py.execute_cli$5(/Users/jmalinen/Documents/workspace/robotframework/build/Lib/robot/utils/application.py:45)
	at robot.utils.application$py.call_function(/Users/jmalinen/Documents/workspace/robotframework/build/Lib/robot/utils/application.py)
	at robot.run$py.run_cli$7(/Users/jmalinen/Documents/workspace/robotframework/build/Lib/robot/run.py:438)
	at robot.run$py.call_function(/Users/jmalinen/Documents/workspace/robotframework/build/Lib/robot/run.py)
	at robot.jarrunner$py._run$3(/Users/jmalinen/Documents/workspace/robotframework/build/Lib/robot/jarrunner.py:60)
	at robot.jarrunner$py.call_function(/Users/jmalinen/Documents/workspace/robotframework/build/Lib/robot/jarrunner.py)
	at robot.jarrunner$py.run$2(/Users/jmalinen/Documents/workspace/robotframework/build/Lib/robot/jarrunner.py:53)
	at robot.jarrunner$py.call_function(/Users/jmalinen/Documents/workspace/robotframework/build/Lib/robot/jarrunner.py)
	at org.robotframework.RobotFramework.run(RobotFramework.java:63)
	at org.robotframework.RobotFramework.main(RobotFramework.java:37)
Caused by: java.lang.ClassNotFoundException: org.apache.log4j.xml.DOMConfigurator
	at java.net.URLClassLoader$1.run(Unknown Source)
	at java.net.URLClassLoader$1.run(Unknown Source)
	at java.security.AccessController.doPrivileged(Native Method)
	at java.net.URLClassLoader.findClass(Unknown Source)
	at java.lang.ClassLoader.loadClass(Unknown Source)
	at sun.misc.Launcher$AppClassLoader.loadClass(Unknown Source)
	at java.lang.ClassLoader.loadClass(Unknown Source)
	... 146 more</msg>
</errors>
</robot>
