<?xml version="1.0" encoding="UTF-8"?>
<testng-results skipped="0" failed="0" total="1" passed="1">
  <reporter-output>
  </reporter-output>
  <suite name="Default suite" duration-ms="8455" started-at="2015-05-10T20:16:59Z" finished-at="2015-05-10T20:17:07Z">
    <groups>
    </groups>
    <test name="Default test" duration-ms="8455" started-at="2015-05-10T20:16:59Z" finished-at="2015-05-10T20:17:07Z">
      <class name="testPack.TestngTestingStuff">
        <test-method status="PASS" signature="firstTestOfPack()[pri:0, instance:testPack.TestngTestingStuff@5f8f22f3]" name="firstTestOfPack" duration-ms="16" started-at="2015-05-10T23:16:59Z" finished-at="2015-05-10T23:16:59Z">
          <reporter-output>
          </reporter-output>
        </test-method> <!-- firstTestOfPack -->
      </class> <!-- testPack.TestngTestingStuff -->
    </test> <!-- Default test -->
  </suite> <!-- Default suite -->
</testng-results>
